<?xml version="1.0" encoding="utf-8" standalone="no"?>
<!--This file represents the results of running a test suite-->
<test-results name="C:\Users\Mohammad\Documents\Visual Studio 2012\Projects\Specflow.Example.Facebook\Specflow.Example.Facebook\bin\debug\Specflow.Example.Facebook.dll" total="13" errors="0" failures="1" not-run="1" inconclusive="1" ignored="1" skipped="0" invalid="0" date="2013-11-08" time="23:52:40">
  <environment nunit-version="2.6.3.13283" clr-version="2.0.50727.6407" os-version="Microsoft Windows NT 6.2.9200.0" platform="Win32NT" cwd="C:\Users\Mohammad\Documents\Visual Studio 2012\Projects\Specflow.Example.Facebook\Specflow.Example.Facebook\_tools" machine-name="MOHAMMAD-PC" user="Mohammad" user-domain="Mohammad-PC" />
  <culture-info current-culture="en-GB" current-uiculture="en-GB" />
  <test-suite type="Assembly" name="C:\Users\Mohammad\Documents\Visual Studio 2012\Projects\Specflow.Example.Facebook\Specflow.Example.Facebook\bin\debug\Specflow.Example.Facebook.dll" executed="True" result="Failure" success="False" time="1.651" asserts="0">
    <results>
      <test-suite type="Namespace" name="Specflow" executed="True" result="Failure" success="False" time="1.621" asserts="0">
        <results>
          <test-suite type="Namespace" name="Example" executed="True" result="Failure" success="False" time="1.621" asserts="0">
            <results>
              <test-suite type="Namespace" name="Facebook" executed="True" result="Failure" success="False" time="1.620" asserts="0">
                <results>
                  <test-suite type="Namespace" name="Features" executed="True" result="Failure" success="False" time="1.620" asserts="0">
                    <results>
                      <test-suite type="Namespace" name="Account" executed="True" result="Success" success="True" time="1.456" asserts="0">
                        <results>
                          <test-suite type="TestFixture" name="ManageSecurityFeature" description="Manage security" executed="True" result="Success" success="True" time="1.452" asserts="0">
                            <categories>
                              <category name="account" />
                              <category name="user" />
                              <category name="security" />
                            </categories>
                            <results>
                              <test-case name="Specflow.Example.Facebook.Features.Account.ManageSecurityFeature.ChangePassword" description="Change password" executed="True" result="Success" success="True" time="0.596" asserts="0" />
                            </results>
                          </test-suite>
                        </results>
                      </test-suite>
                      <test-suite type="Namespace" name="Profile" executed="True" result="Success" success="True" time="0.048" asserts="0">
                        <results>
                          <test-suite type="TestFixture" name="ManageFriendsFeature" description="manage friends" executed="True" result="Success" success="True" time="0.017" asserts="0">
                            <categories>
                              <category name="profile" />
                              <category name="friends" />
                            </categories>
                            <results>
                              <test-case name="Specflow.Example.Facebook.Features.Profile.ManageFriendsFeature.ConnectToANewFriend" description="Connect to a new friend" executed="True" result="Success" success="True" time="0.003" asserts="0" />
                              <test-case name="Specflow.Example.Facebook.Features.Profile.ManageFriendsFeature.RestrictFriend" description="Restrict friend" executed="True" result="Success" success="True" time="0.002" asserts="0" />
                              <test-case name="Specflow.Example.Facebook.Features.Profile.ManageFriendsFeature.Unfriend" description="Unfriend" executed="True" result="Success" success="True" time="0.002" asserts="0" />
                            </results>
                          </test-suite>
                          <test-suite type="TestFixture" name="ManagePagesFeature" description="Manage pages" executed="True" result="Success" success="True" time="0.008" asserts="0">
                            <categories>
                              <category name="profile" />
                              <category name="pages" />
                              <category name="likes" />
                            </categories>
                            <results>
                              <test-case name="Specflow.Example.Facebook.Features.Profile.ManagePagesFeature.LikeNewPage" description="Like new page" executed="True" result="Success" success="True" time="0.003" asserts="0" />
                              <test-case name="Specflow.Example.Facebook.Features.Profile.ManagePagesFeature.UnlikeAPage" description="Unlike a page" executed="True" result="Success" success="True" time="0.001" asserts="0" />
                            </results>
                          </test-suite>
                          <test-suite type="TestFixture" name="ManagePhotosFeature" description="Manage photos" executed="True" result="Success" success="True" time="0.016" asserts="0">
                            <categories>
                              <category name="profile" />
                              <category name="photos" />
                            </categories>
                            <results>
                              <test-case name="Specflow.Example.Facebook.Features.Profile.ManagePhotosFeature.AddPhoto" description="Add photo" executed="True" result="Success" success="True" time="0.003" asserts="0" />
                              <test-case name="Specflow.Example.Facebook.Features.Profile.ManagePhotosFeature.AddPhotoAlbum" description="Add photo album" executed="True" result="Success" success="True" time="0.001" asserts="0" />
                              <test-case name="Specflow.Example.Facebook.Features.Profile.ManagePhotosFeature.DeletePhoto" description="Delete photo" executed="True" result="Success" success="True" time="0.002" asserts="0" />
                              <test-case name="Specflow.Example.Facebook.Features.Profile.ManagePhotosFeature.ReorderAlbumnsPhotos" description="Reorder albumns photos" executed="True" result="Success" success="True" time="0.001" asserts="0" />
                            </results>
                          </test-suite>
                        </results>
                      </test-suite>
                      <test-suite type="Namespace" name="Timeline" executed="True" result="Failure" success="False" time="0.101" asserts="0">
                        <results>
                          <test-suite type="TestFixture" name="InteractWithPostFeature" description="Interact with post" executed="True" result="Failure" success="False" time="0.036" asserts="0">
                            <categories>
                              <category name="post" />
                              <category name="friends" />
                              <category name="user" />
                            </categories>
                            <results>
                              <test-case name="Specflow.Example.Facebook.Features.Timeline.InteractWithPostFeature.CommentOnAPost" description="Comment on a post" executed="False" result="Ignored">
                                <reason>
                                  <message><![CDATA[]]></message>
                                </reason>
                              </test-case>
                              <test-case name="Specflow.Example.Facebook.Features.Timeline.InteractWithPostFeature.LikeAPost" description="Like a post" executed="True" result="Failure" success="False" time="0.029" asserts="0">
                                <failure>
                                  <message><![CDATA[]]></message>
                                  <stack-trace><![CDATA[at Specflow.Example.Facebook.Features.Steps.WhenIPressLikeOnThePost() in c:\Users\Mohammad\Documents\Visual Studio 2012\Projects\Specflow.Example.Facebook\Specflow.Example.Facebook\Features\Steps.cs:line 29
at TechTalk.SpecFlow.Bindings.BindingInvoker.InvokeBinding(IBinding binding, IContextManager contextManager, Object[] arguments, ITestTracer testTracer, TimeSpan& duration)
at TechTalk.SpecFlow.Infrastructure.TestExecutionEngine.ExecuteStepMatch(BindingMatch match, Object[] arguments)
at TechTalk.SpecFlow.Infrastructure.TestExecutionEngine.ExecuteStep(StepInstance stepInstance)
at TechTalk.SpecFlow.Infrastructure.TestExecutionEngine.OnAfterLastStep()
at Specflow.Example.Facebook.Features.Timeline.InteractWithPostFeature.ScenarioCleanup() in c:\Users\Mohammad\Documents\Visual Studio 2012\Projects\Specflow.Example.Facebook\Specflow.Example.Facebook\Features\Timeline\InteractWithPost.feature.cs:line 0
at Specflow.Example.Facebook.Features.Timeline.InteractWithPostFeature.LikeAPost() in c:\Users\Mohammad\Documents\Visual Studio 2012\Projects\Specflow.Example.Facebook\Specflow.Example.Facebook\Features\Timeline\InteractWithPost.feature:line 9
]]></stack-trace>
                                </failure>
                              </test-case>
                            </results>
                          </test-suite>
                          <test-suite type="TestFixture" name="PostSomethingFeature" description="Post something" executed="True" result="Success" success="True" time="0.055" asserts="0">
                            <categories>
                              <category name="user" />
                              <category name="status" />
                            </categories>
                            <results>
                              <test-case name="Specflow.Example.Facebook.Features.Timeline.PostSomethingFeature.UpdateStatus" description="Update status" executed="True" result="Inconclusive" success="False" time="0.043" asserts="0">
                                <reason>
                                  <message><![CDATA[One or more step definitions are not implemented yet.
  Steps.ThenMyStatusShouldBeChanged_()]]></message>
                                </reason>
                              </test-case>
                              <test-case name="Specflow.Example.Facebook.Features.Timeline.PostSomethingFeature.UploadPhotoWithoutAlbum" description="Upload photo without album" executed="True" result="Success" success="True" time="0.008" asserts="0" />
                            </results>
                          </test-suite>
                        </results>
                      </test-suite>
                    </results>
                  </test-suite>
                </results>
              </test-suite>
            </results>
          </test-suite>
        </results>
      </test-suite>
    </results>
  </test-suite>
</test-results>